<?xml version="1.0" encoding="UTF-8"?>
<!-- Generated by org.testng.reporters.JUnitReportReporter -->
<testsuite hostname="DESKTOP-BDS3F58" failures="0" tests="1" name="SwiggyTest" time="16.005" errors="0" timestamp="2021-02-16T12:41:02 IST" skipped="0">
  <testcase classname="SwiggyTest" name="SwiggyRegister" time="16.005"/>
  <system-out/>
</testsuite> <!-- SwiggyTest -->
